<?xml version="1.0" encoding="UTF-8"?>
<testsuite xmlns:xsi="http://www.w3.org/2001/XMLSchema-instance" xsi:noNamespaceSchemaLocation="https://maven.apache.org/surefire/maven-surefire-plugin/xsd/surefire-test-report.xsd" version="3.0.2" name="com.github.asm0dey.cligen.CliProcessorTest" time="1.193" tests="11" errors="0" skipped="0" failures="0">
  <properties>
[...]
</properties>
  <testcase name="testGeneratesParserWithRequiredOption" classname="com.github.asm0dey.cligen.CliProcessorTest" time="0.592"/>
  <testcase name="testOptionalPositionalParameters" classname="com.github.asm0dey.cligen.CliProcessorTest" time="0.105"/>
  <testcase name="testGeneratesParserForSimpleCommand" classname="com.github.asm0dey.cligen.CliProcessorTest" time="0.076"/>
  <testcase name="testGeneratesValidParseMethod" classname="com.github.asm0dey.cligen.CliProcessorTest" time="0.073"/>
  <testcase name="testPositionalParametersInHelp" classname="com.github.asm0dey.cligen.CliProcessorTest" time="0.074"/>
  <testcase name="testValidatesAnnotationOnlyOnClasses" classname="com.github.asm0dey.cligen.CliProcessorTest" time="0.026"/>
  <testcase name="testGeneratesParserInSamePackage" classname="com.github.asm0dey.cligen.CliProcessorTest" time="0.039"/>
  <testcase name="testHandlesMultipleOptions" classname="com.github.asm0dey.cligen.CliProcessorTest" time="0.063"/>
  <testcase name="testCustomConverterSupport" classname="com.github.asm0dey.cligen.CliProcessorTest" time="0.055"/>
  <testcase name="testGeneratedCodeImplementsInterface" classname="com.github.asm0dey.cligen.CliProcessorTest" time="0.039"/>
  <testcase name="testImportsAreGenerated" classname="com.github.asm0dey.cligen.CliProcessorTest" time="0.028"/>
</testsuite>